# JRE version: OpenJDK Runtime Environment (8.0_172) (build 1.8.0_172-solus-b00)
# Java VM: OpenJDK 64-Bit Server VM (25.172-b00 mixed mode linux-amd64 compressed oops)
Heap:
 PSYoungGen      total 227328K, used 15860K [0x00000000eab00000, 0x00000000f9880000, 0x0000000100000000)
  eden space 211456K, 0% used [0x00000000eab00000,0x00000000eab00000,0x00000000f7980000)
  from space 15872K, 99% used [0x00000000f7980000,0x00000000f88fd118,0x00000000f8900000)
  to   space 10240K, 0% used [0x00000000f8e80000,0x00000000f8e80000,0x00000000f9880000)
 ParOldGen       total 83456K, used 22206K [0x00000000c0000000, 0x00000000c5180000, 0x00000000eab00000)
  object space 83456K, 26% used [0x00000000c0000000,0x00000000c15afb98,0x00000000c5180000)
 Metaspace       used 41758K, capacity 42754K, committed 42880K, reserved 1085440K
  class space    used 5893K, capacity 6234K, committed 6272K, reserved 1048576K
GC Heap History (10 events):
Event: 1.894 GC heap after
Heap after GC invocations=4 (full 0):
 PSYoungGen      total 132096K, used 5104K [0x00000000eab00000, 0x00000000f3100000, 0x0000000100000000)
  eden space 126976K, 0% used [0x00000000eab00000,0x00000000eab00000,0x00000000f2700000)
  from space 5120K, 99% used [0x00000000f2c00000,0x00000000f30fc020,0x00000000f3100000)
  to   space 5120K, 0% used [0x00000000f2700000,0x00000000f2700000,0x00000000f2c00000)
 ParOldGen       total 84992K, used 9726K [0x00000000c0000000, 0x00000000c5300000, 0x00000000eab00000)
  object space 84992K, 11% used [0x00000000c0000000,0x00000000c097fad8,0x00000000c5300000)
 Metaspace       used 20780K, capacity 21168K, committed 21248K, reserved 1067008K
  class space    used 2857K, capacity 3036K, committed 3072K, reserved 1048576K
}
Event: 1.894 GC heap before
{Heap before GC invocations=5 (full 1):
 PSYoungGen      total 132096K, used 5104K [0x00000000eab00000, 0x00000000f3100000, 0x0000000100000000)
  eden space 126976K, 0% used [0x00000000eab00000,0x00000000eab00000,0x00000000f2700000)
  from space 5120K, 99% used [0x00000000f2c00000,0x00000000f30fc020,0x00000000f3100000)
  to   space 5120K, 0% used [0x00000000f2700000,0x00000000f2700000,0x00000000f2c00000)
 ParOldGen       total 84992K, used 9726K [0x00000000c0000000, 0x00000000c5300000, 0x00000000eab00000)
  object space 84992K, 11% used [0x00000000c0000000,0x00000000c097fad8,0x00000000c5300000)
 Metaspace       used 20780K, capacity 21168K, committed 21248K, reserved 1067008K
  class space    used 2857K, capacity 3036K, committed 3072K, reserved 1048576K
Event: 1.922 GC heap after
Heap after GC invocations=5 (full 1):
 PSYoungGen      total 132096K, used 0K [0x00000000eab00000, 0x00000000f3100000, 0x0000000100000000)
  eden space 126976K, 0% used [0x00000000eab00000,0x00000000eab00000,0x00000000f2700000)
  from space 5120K, 0% used [0x00000000f2c00000,0x00000000f2c00000,0x00000000f3100000)
  to   space 5120K, 0% used [0x00000000f2700000,0x00000000f2700000,0x00000000f2c00000)
 ParOldGen       total 55296K, used 7958K [0x00000000c0000000, 0x00000000c3600000, 0x00000000eab00000)
  object space 55296K, 14% used [0x00000000c0000000,0x00000000c07c59d8,0x00000000c3600000)
 Metaspace       used 20780K, capacity 21168K, committed 21248K, reserved 1067008K
  class space    used 2857K, capacity 3036K, committed 3072K, reserved 1048576K
}
Event: 3.453 GC heap before
{Heap before GC invocations=6 (full 1):
 PSYoungGen      total 132096K, used 126976K [0x00000000eab00000, 0x00000000f3100000, 0x0000000100000000)
  eden space 126976K, 100% used [0x00000000eab00000,0x00000000f2700000,0x00000000f2700000)
  from space 5120K, 0% used [0x00000000f2c00000,0x00000000f2c00000,0x00000000f3100000)
  to   space 5120K, 0% used [0x00000000f2700000,0x00000000f2700000,0x00000000f2c00000)
 ParOldGen       total 55296K, used 7958K [0x00000000c0000000, 0x00000000c3600000, 0x00000000eab00000)
  object space 55296K, 14% used [0x00000000c0000000,0x00000000c07c59d8,0x00000000c3600000)
 Metaspace       used 31489K, capacity 32072K, committed 32384K, reserved 1077248K
  class space    used 4346K, capacity 4612K, committed 4736K, reserved 1048576K
Event: 3.464 GC heap after
Heap after GC invocations=6 (full 1):
 PSYoungGen      total 132096K, used 5112K [0x00000000eab00000, 0x00000000f9e80000, 0x0000000100000000)
  eden space 126976K, 0% used [0x00000000eab00000,0x00000000eab00000,0x00000000f2700000)
  from space 5120K, 99% used [0x00000000f2700000,0x00000000f2bfe0b0,0x00000000f2c00000)
  to   space 16384K, 0% used [0x00000000f8e80000,0x00000000f8e80000,0x00000000f9e80000)
 ParOldGen       total 55296K, used 17019K [0x00000000c0000000, 0x00000000c3600000, 0x00000000eab00000)
  object space 55296K, 30% used [0x00000000c0000000,0x00000000c109ec00,0x00000000c3600000)
 Metaspace       used 31489K, capacity 32072K, committed 32384K, reserved 1077248K
  class space    used 4346K, capacity 4612K, committed 4736K, reserved 1048576K
}
Event: 4.332 GC heap before
{Heap before GC invocations=7 (full 1):
 PSYoungGen      total 132096K, used 53114K [0x00000000eab00000, 0x00000000f9e80000, 0x0000000100000000)
  eden space 126976K, 37% used [0x00000000eab00000,0x00000000ed9e09b0,0x00000000f2700000)
  from space 5120K, 99% used [0x00000000f2700000,0x00000000f2bfe0b0,0x00000000f2c00000)
  to   space 16384K, 0% used [0x00000000f8e80000,0x00000000f8e80000,0x00000000f9e80000)
 ParOldGen       total 55296K, used 17019K [0x00000000c0000000, 0x00000000c3600000, 0x00000000eab00000)
  object space 55296K, 30% used [0x00000000c0000000,0x00000000c109ec00,0x00000000c3600000)
 Metaspace       used 34584K, capacity 35294K, committed 35416K, reserved 1079296K
  class space    used 4768K, capacity 5046K, committed 5120K, reserved 1048576K
Event: 4.342 GC heap after
Heap after GC invocations=7 (full 1):
 PSYoungGen      total 221696K, used 9926K [0x00000000eab00000, 0x00000000f9880000, 0x0000000100000000)
  eden space 211456K, 0% used [0x00000000eab00000,0x00000000eab00000,0x00000000f7980000)
  from space 10240K, 96% used [0x00000000f8e80000,0x00000000f9831820,0x00000000f9880000)
  to   space 15872K, 0% used [0x00000000f7980000,0x00000000f7980000,0x00000000f8900000)
 ParOldGen       total 55296K, used 17027K [0x00000000c0000000, 0x00000000c3600000, 0x00000000eab00000)
  object space 55296K, 30% used [0x00000000c0000000,0x00000000c10a0c00,0x00000000c3600000)
 Metaspace       used 34584K, capacity 35294K, committed 35416K, reserved 1079296K
  class space    used 4768K, capacity 5046K, committed 5120K, reserved 1048576K
}
Event: 4.342 GC heap before
{Heap before GC invocations=8 (full 2):
 PSYoungGen      total 221696K, used 9926K [0x00000000eab00000, 0x00000000f9880000, 0x0000000100000000)
  eden space 211456K, 0% used [0x00000000eab00000,0x00000000eab00000,0x00000000f7980000)
  from space 10240K, 96% used [0x00000000f8e80000,0x00000000f9831820,0x00000000f9880000)
  to   space 15872K, 0% used [0x00000000f7980000,0x00000000f7980000,0x00000000f8900000)
 ParOldGen       total 55296K, used 17027K [0x00000000c0000000, 0x00000000c3600000, 0x00000000eab00000)
  object space 55296K, 30% used [0x00000000c0000000,0x00000000c10a0c00,0x00000000c3600000)
 Metaspace       used 34584K, capacity 35294K, committed 35416K, reserved 1079296K
  class space    used 4768K, capacity 5046K, committed 5120K, reserved 1048576K
Event: 4.381 GC heap after
Heap after GC invocations=8 (full 2):
 PSYoungGen      total 221696K, used 0K [0x00000000eab00000, 0x00000000f9880000, 0x0000000100000000)
  eden space 211456K, 0% used [0x00000000eab00000,0x00000000eab00000,0x00000000f7980000)
  from space 10240K, 0% used [0x00000000f8e80000,0x00000000f8e80000,0x00000000f9880000)
  to   space 15872K, 0% used [0x00000000f7980000,0x00000000f7980000,0x00000000f8900000)
 ParOldGen       total 83456K, used 18458K [0x00000000c0000000, 0x00000000c5180000, 0x00000000eab00000)
  object space 83456K, 22% used [0x00000000c0000000,0x00000000c12069a8,0x00000000c5180000)
 Metaspace       used 34488K, capacity 35156K, committed 35416K, reserved 1079296K
  class space    used 4741K, capacity 5000K, committed 5120K, reserved 1048576K
}
Event: 7.734 GC heap before
{Heap before GC invocations=9 (full 2):
 PSYoungGen      total 221696K, used 211456K [0x00000000eab00000, 0x00000000f9880000, 0x0000000100000000)
  eden space 211456K, 100% used [0x00000000eab00000,0x00000000f7980000,0x00000000f7980000)
  from space 10240K, 0% used [0x00000000f8e80000,0x00000000f8e80000,0x00000000f9880000)
  to   space 15872K, 0% used [0x00000000f7980000,0x00000000f7980000,0x00000000f8900000)
 ParOldGen       total 83456K, used 18458K [0x00000000c0000000, 0x00000000c5180000, 0x00000000eab00000)
  object space 83456K, 22% used [0x00000000c0000000,0x00000000c12069a8,0x00000000c5180000)
 Metaspace       used 41758K, capacity 42754K, committed 42880K, reserved 1085440K
  class space    used 5893K, capacity 6234K, committed 6272K, reserved 1048576K

